<?xml version="1.0" encoding="UTF-8"?>
<testsuite xmlns:xsi="http://www.w3.org/2001/XMLSchema-instance" xsi:noNamespaceSchemaLocation="https://maven.apache.org/surefire/maven-surefire-plugin/xsd/surefire-test-report-3.0.xsd" version="3.0" name="com.dimathicc.currencyapp.CurrencyAppApplicationTests" time="2.864" tests="1" errors="0" skipped="0" failures="0">
  <properties>
    <property name="java.specification.version" value="21"/>
    <property name="sun.jnu.encoding" value="UTF-8"/>
    <property name="java.class.path" value="/Users/dmitryshvalev/Downloads/Projects/currency-application/currency-rate/target/test-classes:/Users/dmitryshvalev/Downloads/Projects/currency-application/currency-rate/target/classes:/Users/dmitryshvalev/.m2/repository/org/springframework/boot/spring-boot-starter-web/3.1.5/spring-boot-starter-web-3.1.5.jar:/Users/dmitryshvalev/.m2/repository/org/springframework/boot/spring-boot-starter/3.1.5/spring-boot-starter-3.1.5.jar:/Users/dmitryshvalev/.m2/repository/org/springframework/boot/spring-boot/3.1.5/spring-boot-3.1.5.jar:/Users/dmitryshvalev/.m2/repository/org/springframework/boot/spring-boot-autoconfigure/3.1.5/spring-boot-autoconfigure-3.1.5.jar:/Users/dmitryshvalev/.m2/repository/org/springframework/boot/spring-boot-starter-logging/3.1.5/spring-boot-starter-logging-3.1.5.jar:/Users/dmitryshvalev/.m2/repository/ch/qos/logback/logback-classic/1.4.11/logback-classic-1.4.11.jar:/Users/dmitryshvalev/.m2/repository/ch/qos/logback/logback-core/1.4.11/logback-core-1.4.11.jar:/Users/dmitryshvalev/.m2/repository/org/apache/logging/log4j/log4j-to-slf4j/2.20.0/log4j-to-slf4j-2.20.0.jar:/Users/dmitryshvalev/.m2/repository/org/apache/logging/log4j/log4j-api/2.20.0/log4j-api-2.20.0.jar:/Users/dmitryshvalev/.m2/repository/org/slf4j/jul-to-slf4j/2.0.9/jul-to-slf4j-2.0.9.jar:/Users/dmitryshvalev/.m2/repository/jakarta/annotation/jakarta.annotation-api/2.1.1/jakarta.annotation-api-2.1.1.jar:/Users/dmitryshvalev/.m2/repository/org/yaml/snakeyaml/1.33/snakeyaml-1.33.jar:/Users/dmitryshvalev/.m2/repository/org/springframework/boot/spring-boot-starter-json/3.1.5/spring-boot-starter-json-3.1.5.jar:/Users/dmitryshvalev/.m2/repository/com/fasterxml/jackson/core/jackson-databind/2.15.3/jackson-databind-2.15.3.jar:/Users/dmitryshvalev/.m2/repository/com/fasterxml/jackson/datatype/jackson-datatype-jdk8/2.15.3/jackson-datatype-jdk8-2.15.3.jar:/Users/dmitryshvalev/.m2/repository/com/fasterxml/jackson/datatype/jackson-datatype-jsr310/2.15.3/jackson-datatype-jsr310-2.15.3.jar:/Users/dmitryshvalev/.m2/repository/com/fasterxml/jackson/module/jackson-module-parameter-names/2.15.3/jackson-module-parameter-names-2.15.3.jar:/Users/dmitryshvalev/.m2/repository/org/springframework/boot/spring-boot-starter-tomcat/3.1.5/spring-boot-starter-tomcat-3.1.5.jar:/Users/dmitryshvalev/.m2/repository/org/apache/tomcat/embed/tomcat-embed-core/10.1.15/tomcat-embed-core-10.1.15.jar:/Users/dmitryshvalev/.m2/repository/org/apache/tomcat/embed/tomcat-embed-el/10.1.15/tomcat-embed-el-10.1.15.jar:/Users/dmitryshvalev/.m2/repository/org/apache/tomcat/embed/tomcat-embed-websocket/10.1.15/tomcat-embed-websocket-10.1.15.jar:/Users/dmitryshvalev/.m2/repository/org/springframework/spring-web/6.0.13/spring-web-6.0.13.jar:/Users/dmitryshvalev/.m2/repository/org/springframework/spring-beans/6.0.13/spring-beans-6.0.13.jar:/Users/dmitryshvalev/.m2/repository/io/micrometer/micrometer-observation/1.11.5/micrometer-observation-1.11.5.jar:/Users/dmitryshvalev/.m2/repository/io/micrometer/micrometer-commons/1.11.5/micrometer-commons-1.11.5.jar:/Users/dmitryshvalev/.m2/repository/org/springframework/spring-webmvc/6.0.13/spring-webmvc-6.0.13.jar:/Users/dmitryshvalev/.m2/repository/org/springframework/spring-aop/6.0.13/spring-aop-6.0.13.jar:/Users/dmitryshvalev/.m2/repository/org/springframework/spring-context/6.0.13/spring-context-6.0.13.jar:/Users/dmitryshvalev/.m2/repository/org/springframework/spring-expression/6.0.13/spring-expression-6.0.13.jar:/Users/dmitryshvalev/.m2/repository/org/apache/camel/quarkus/camel-quarkus-xml-jaxb/1.3.0/camel-quarkus-xml-jaxb-1.3.0.jar:/Users/dmitryshvalev/.m2/repository/org/apache/camel/camel-xml-jaxb/3.6.0/camel-xml-jaxb-3.6.0.jar:/Users/dmitryshvalev/.m2/repository/com/sun/xml/bind/jaxb-core/4.0.3/jaxb-core-4.0.3.jar:/Users/dmitryshvalev/.m2/repository/com/sun/xml/bind/jaxb-impl/4.0.3/jaxb-impl-4.0.3.jar:/Users/dmitryshvalev/.m2/repository/org/apache/camel/camel-core-engine/3.6.0/camel-core-engine-3.6.0.jar:/Users/dmitryshvalev/.m2/repository/org/apache/camel/camel-api/3.6.0/camel-api-3.6.0.jar:/Users/dmitryshvalev/.m2/repository/org/apache/camel/camel-management-api/3.6.0/camel-management-api-3.6.0.jar:/Users/dmitryshvalev/.m2/repository/org/apache/camel/camel-support/3.6.0/camel-support-3.6.0.jar:/Users/dmitryshvalev/.m2/repository/org/apache/camel/camel-util/3.6.0/camel-util-3.6.0.jar:/Users/dmitryshvalev/.m2/repository/org/apache/camel/camel-xml-jaxp/3.6.0/camel-xml-jaxp-3.6.0.jar:/Users/dmitryshvalev/.m2/repository/org/apache/camel/quarkus/camel-quarkus-core/1.3.0/camel-quarkus-core-1.3.0.jar:/Users/dmitryshvalev/.m2/repository/io/quarkus/quarkus-core/1.9.0.Final/quarkus-core-1.9.0.Final.jar:/Users/dmitryshvalev/.m2/repository/jakarta/enterprise/jakarta.enterprise.cdi-api/2.0.2/jakarta.enterprise.cdi-api-2.0.2.jar:/Users/dmitryshvalev/.m2/repository/jakarta/el/jakarta.el-api/3.0.3/jakarta.el-api-3.0.3.jar:/Users/dmitryshvalev/.m2/repository/jakarta/interceptor/jakarta.interceptor-api/1.2.5/jakarta.interceptor-api-1.2.5.jar:/Users/dmitryshvalev/.m2/repository/jakarta/ejb/jakarta.ejb-api/3.2.6/jakarta.ejb-api-3.2.6.jar:/Users/dmitryshvalev/.m2/repository/io/quarkus/quarkus-ide-launcher/1.9.0.Final/quarkus-ide-launcher-1.9.0.Final.jar:/Users/dmitryshvalev/.m2/repository/io/smallrye/config/smallrye-config/1.9.1/smallrye-config-1.9.1.jar:/Users/dmitryshvalev/.m2/repository/io/smallrye/common/smallrye-common-annotation/1.4.0/smallrye-common-annotation-1.4.0.jar:/Users/dmitryshvalev/.m2/repository/io/smallrye/config/smallrye-config-common/1.9.1/smallrye-config-common-1.9.1.jar:/Users/dmitryshvalev/.m2/repository/io/smallrye/common/smallrye-common-expression/1.4.0/smallrye-common-expression-1.4.0.jar:/Users/dmitryshvalev/.m2/repository/io/smallrye/common/smallrye-common-function/1.4.0/smallrye-common-function-1.4.0.jar:/Users/dmitryshvalev/.m2/repository/io/smallrye/common/smallrye-common-constraint/1.4.0/smallrye-common-constraint-1.4.0.jar:/Users/dmitryshvalev/.m2/repository/io/smallrye/common/smallrye-common-classloader/1.4.0/smallrye-common-classloader-1.4.0.jar:/Users/dmitryshvalev/.m2/repository/org/jboss/logging/jboss-logging/3.5.3.Final/jboss-logging-3.5.3.Final.jar:/Users/dmitryshvalev/.m2/repository/org/jboss/logmanager/jboss-logmanager-embedded/1.0.5/jboss-logmanager-embedded-1.0.5.jar:/Users/dmitryshvalev/.m2/repository/org/jboss/logging/jboss-logging-annotations/2.1.0.Final/jboss-logging-annotations-2.1.0.Final.jar:/Users/dmitryshvalev/.m2/repository/org/jboss/threads/jboss-threads/3.1.1.Final/jboss-threads-3.1.1.Final.jar:/Users/dmitryshvalev/.m2/repository/org/jboss/slf4j/slf4j-jboss-logging/1.2.0.Final/slf4j-jboss-logging-1.2.0.Final.jar:/Users/dmitryshvalev/.m2/repository/org/graalvm/sdk/graal-sdk/20.2.0/graal-sdk-20.2.0.jar:/Users/dmitryshvalev/.m2/repository/org/wildfly/common/wildfly-common/1.5.4.Final-format-001/wildfly-common-1.5.4.Final-format-001.jar:/Users/dmitryshvalev/.m2/repository/io/quarkus/quarkus-bootstrap-runner/1.9.0.Final/quarkus-bootstrap-runner-1.9.0.Final.jar:/Users/dmitryshvalev/.m2/repository/io/quarkus/quarkus-arc/1.9.0.Final/quarkus-arc-1.9.0.Final.jar:/Users/dmitryshvalev/.m2/repository/io/quarkus/arc/arc/1.9.0.Final/arc-1.9.0.Final.jar:/Users/dmitryshvalev/.m2/repository/jakarta/transaction/jakarta.transaction-api/2.0.1/jakarta.transaction-api-2.0.1.jar:/Users/dmitryshvalev/.m2/repository/org/eclipse/microprofile/context-propagation/microprofile-context-propagation-api/1.0.1/microprofile-context-propagation-api-1.0.1.jar:/Users/dmitryshvalev/.m2/repository/org/apache/camel/quarkus/camel-quarkus-support-common/1.3.0/camel-quarkus-support-common-1.3.0.jar:/Users/dmitryshvalev/.m2/repository/io/quarkus/quarkus-development-mode-spi/1.9.0.Final/quarkus-development-mode-spi-1.9.0.Final.jar:/Users/dmitryshvalev/.m2/repository/org/apache/camel/camel-base/3.6.0/camel-base-3.6.0.jar:/Users/dmitryshvalev/.m2/repository/org/apache/camel/camel-core-languages/3.6.0/camel-core-languages-3.6.0.jar:/Users/dmitryshvalev/.m2/repository/org/apache/camel/camel-endpointdsl/3.6.0/camel-endpointdsl-3.6.0.jar:/Users/dmitryshvalev/.m2/repository/org/apache/camel/camel-componentdsl/3.6.0/camel-componentdsl-3.6.0.jar:/Users/dmitryshvalev/.m2/repository/org/apache/camel/camel-core-catalog/3.6.0/camel-core-catalog-3.6.0.jar:/Users/dmitryshvalev/.m2/repository/org/apache/camel/camel-tooling-model/3.6.0/camel-tooling-model-3.6.0.jar:/Users/dmitryshvalev/.m2/repository/org/apache/camel/camel-util-json/3.6.0/camel-util-json-3.6.0.jar:/Users/dmitryshvalev/.m2/repository/org/apache/camel/camel-microprofile-config/3.6.0/camel-microprofile-config-3.6.0.jar:/Users/dmitryshvalev/.m2/repository/org/eclipse/microprofile/config/microprofile-config-api/1.4/microprofile-config-api-1.4.jar:/Users/dmitryshvalev/.m2/repository/org/apache/camel/quarkus/camel-quarkus-support-xml/1.3.0/camel-quarkus-support-xml-1.3.0.jar:/Users/dmitryshvalev/.m2/repository/io/quarkus/quarkus-jaxb/1.9.0.Final/quarkus-jaxb-1.9.0.Final.jar:/Users/dmitryshvalev/.m2/repository/io/quarkus/quarkus-jaxp/1.9.0.Final/quarkus-jaxp-1.9.0.Final.jar:/Users/dmitryshvalev/.m2/repository/org/glassfish/jaxb/jaxb-runtime/4.0.3/jaxb-runtime-4.0.3.jar:/Users/dmitryshvalev/.m2/repository/org/jboss/spec/javax/xml/bind/jboss-jaxb-api_2.3_spec/2.0.0.Final/jboss-jaxb-api_2.3_spec-2.0.0.Final.jar:/Users/dmitryshvalev/.m2/repository/org/projectlombok/lombok/1.18.30/lombok-1.18.30.jar:/Users/dmitryshvalev/.m2/repository/com/google/guava/guava/31.1-jre/guava-31.1-jre.jar:/Users/dmitryshvalev/.m2/repository/com/google/guava/failureaccess/1.0.1/failureaccess-1.0.1.jar:/Users/dmitryshvalev/.m2/repository/com/google/guava/listenablefuture/9999.0-empty-to-avoid-conflict-with-guava/listenablefuture-9999.0-empty-to-avoid-conflict-with-guava.jar:/Users/dmitryshvalev/.m2/repository/com/google/code/findbugs/jsr305/3.0.2/jsr305-3.0.2.jar:/Users/dmitryshvalev/.m2/repository/org/checkerframework/checker-qual/3.12.0/checker-qual-3.12.0.jar:/Users/dmitryshvalev/.m2/repository/com/google/errorprone/error_prone_annotations/2.11.0/error_prone_annotations-2.11.0.jar:/Users/dmitryshvalev/.m2/repository/com/google/j2objc/j2objc-annotations/1.3/j2objc-annotations-1.3.jar:/Users/dmitryshvalev/.m2/repository/com/sun/activation/javax.activation/1.2.0/javax.activation-1.2.0.jar:/Users/dmitryshvalev/.m2/repository/org/glassfish/jaxb/jaxb-runtime/4.0.3/jaxb-runtime-4.0.3-sources.jar:/Users/dmitryshvalev/.m2/repository/org/glassfish/jaxb/jaxb-core/4.0.3/jaxb-core-4.0.3.jar:/Users/dmitryshvalev/.m2/repository/org/glassfish/jaxb/jaxb-core/4.0.3/jaxb-core-4.0.3-sources.jar:/Users/dmitryshvalev/.m2/repository/jakarta/xml/bind/jakarta.xml.bind-api/4.0.1/jakarta.xml.bind-api-4.0.1.jar:/Users/dmitryshvalev/.m2/repository/jakarta/activation/jakarta.activation-api/2.1.2/jakarta.activation-api-2.1.2.jar:/Users/dmitryshvalev/.m2/repository/org/eclipse/angus/angus-activation/2.0.1/angus-activation-2.0.1.jar:/Users/dmitryshvalev/.m2/repository/org/glassfish/jaxb/txw2/4.0.3/txw2-4.0.3.jar:/Users/dmitryshvalev/.m2/repository/com/sun/istack/istack-commons-runtime/4.1.2/istack-commons-runtime-4.1.2.jar:/Users/dmitryshvalev/.m2/repository/org/glassfish/jaxb/jaxb-xjc/4.0.3/jaxb-xjc-4.0.3-sources.jar:/Users/dmitryshvalev/.m2/repository/org/glassfish/jaxb/xsom/4.0.3/xsom-4.0.3.jar:/Users/dmitryshvalev/.m2/repository/com/sun/xml/bind/external/relaxng-datatype/4.0.3/relaxng-datatype-4.0.3.jar:/Users/dmitryshvalev/.m2/repository/org/glassfish/jaxb/codemodel/4.0.3/codemodel-4.0.3.jar:/Users/dmitryshvalev/.m2/repository/com/sun/xml/bind/external/rngom/4.0.3/rngom-4.0.3.jar:/Users/dmitryshvalev/.m2/repository/com/sun/xml/dtd-parser/dtd-parser/1.5.0/dtd-parser-1.5.0.jar:/Users/dmitryshvalev/.m2/repository/com/sun/istack/istack-commons-tools/4.1.2/istack-commons-tools-4.1.2.jar:/Users/dmitryshvalev/.m2/repository/org/springframework/cloud/spring-cloud-starter-netflix-eureka-client/4.0.2/spring-cloud-starter-netflix-eureka-client-4.0.2.jar:/Users/dmitryshvalev/.m2/repository/org/springframework/cloud/spring-cloud-starter/4.0.3/spring-cloud-starter-4.0.3.jar:/Users/dmitryshvalev/.m2/repository/org/springframework/cloud/spring-cloud-context/4.0.3/spring-cloud-context-4.0.3.jar:/Users/dmitryshvalev/.m2/repository/org/springframework/security/spring-security-crypto/6.1.5/spring-security-crypto-6.1.5.jar:/Users/dmitryshvalev/.m2/repository/org/springframework/cloud/spring-cloud-commons/4.0.3/spring-cloud-commons-4.0.3.jar:/Users/dmitryshvalev/.m2/repository/org/springframework/security/spring-security-rsa/1.0.11.RELEASE/spring-security-rsa-1.0.11.RELEASE.jar:/Users/dmitryshvalev/.m2/repository/org/bouncycastle/bcpkix-jdk15on/1.69/bcpkix-jdk15on-1.69.jar:/Users/dmitryshvalev/.m2/repository/org/bouncycastle/bcprov-jdk15on/1.69/bcprov-jdk15on-1.69.jar:/Users/dmitryshvalev/.m2/repository/org/bouncycastle/bcutil-jdk15on/1.69/bcutil-jdk15on-1.69.jar:/Users/dmitryshvalev/.m2/repository/org/springframework/cloud/spring-cloud-netflix-eureka-client/4.0.2/spring-cloud-netflix-eureka-client-4.0.2.jar:/Users/dmitryshvalev/.m2/repository/org/apache/httpcomponents/client5/httpclient5/5.2.1/httpclient5-5.2.1.jar:/Users/dmitryshvalev/.m2/repository/org/apache/httpcomponents/core5/httpcore5/5.2.3/httpcore5-5.2.3.jar:/Users/dmitryshvalev/.m2/repository/org/apache/httpcomponents/core5/httpcore5-h2/5.2.3/httpcore5-h2-5.2.3.jar:/Users/dmitryshvalev/.m2/repository/com/netflix/eureka/eureka-client/2.0.0/eureka-client-2.0.0.jar:/Users/dmitryshvalev/.m2/repository/com/netflix/netflix-commons/netflix-eventbus/0.3.0/netflix-eventbus-0.3.0.jar:/Users/dmitryshvalev/.m2/repository/com/netflix/netflix-commons/netflix-infix/0.3.0/netflix-infix-0.3.0.jar:/Users/dmitryshvalev/.m2/repository/commons-jxpath/commons-jxpath/1.3/commons-jxpath-1.3.jar:/Users/dmitryshvalev/.m2/repository/joda-time/joda-time/2.3/joda-time-2.3.jar:/Users/dmitryshvalev/.m2/repository/javax/servlet/servlet-api/2.5/servlet-api-2.5.jar:/Users/dmitryshvalev/.m2/repository/org/antlr/antlr-runtime/3.4/antlr-runtime-3.4.jar:/Users/dmitryshvalev/.m2/repository/org/antlr/stringtemplate/3.2.1/stringtemplate-3.2.1.jar:/Users/dmitryshvalev/.m2/repository/antlr/antlr/2.7.7/antlr-2.7.7.jar:/Users/dmitryshvalev/.m2/repository/com/google/code/gson/gson/2.10.1/gson-2.10.1.jar:/Users/dmitryshvalev/.m2/repository/org/apache/commons/commons-math/2.2/commons-math-2.2.jar:/Users/dmitryshvalev/.m2/repository/com/thoughtworks/xstream/xstream/1.4.19/xstream-1.4.19.jar:/Users/dmitryshvalev/.m2/repository/io/github/x-stream/mxparser/1.2.2/mxparser-1.2.2.jar:/Users/dmitryshvalev/.m2/repository/xmlpull/xmlpull/1.1.3.1/xmlpull-1.1.3.1.jar:/Users/dmitryshvalev/.m2/repository/com/netflix/archaius/archaius-core/0.7.6/archaius-core-0.7.6.jar:/Users/dmitryshvalev/.m2/repository/jakarta/ws/rs/jakarta.ws.rs-api/3.1.0/jakarta.ws.rs-api-3.1.0.jar:/Users/dmitryshvalev/.m2/repository/jakarta/inject/jakarta.inject-api/2.0.1/jakarta.inject-api-2.0.1.jar:/Users/dmitryshvalev/.m2/repository/com/netflix/servo/servo-core/0.12.21/servo-core-0.12.21.jar:/Users/dmitryshvalev/.m2/repository/org/apache/httpcomponents/httpclient/4.5.3/httpclient-4.5.3.jar:/Users/dmitryshvalev/.m2/repository/org/apache/httpcomponents/httpcore/4.4.16/httpcore-4.4.16.jar:/Users/dmitryshvalev/.m2/repository/commons-logging/commons-logging/1.2/commons-logging-1.2.jar:/Users/dmitryshvalev/.m2/repository/commons-codec/commons-codec/1.15/commons-codec-1.15.jar:/Users/dmitryshvalev/.m2/repository/commons-configuration/commons-configuration/1.10/commons-configuration-1.10.jar:/Users/dmitryshvalev/.m2/repository/commons-lang/commons-lang/2.6/commons-lang-2.6.jar:/Users/dmitryshvalev/.m2/repository/com/github/vlsi/compactmap/compactmap/2.0/compactmap-2.0.jar:/Users/dmitryshvalev/.m2/repository/com/github/andrewoma/dexx/dexx-collections/0.2/dexx-collections-0.2.jar:/Users/dmitryshvalev/.m2/repository/com/fasterxml/jackson/core/jackson-annotations/2.15.3/jackson-annotations-2.15.3.jar:/Users/dmitryshvalev/.m2/repository/com/fasterxml/jackson/core/jackson-core/2.15.3/jackson-core-2.15.3.jar:/Users/dmitryshvalev/.m2/repository/org/codehaus/jettison/jettison/1.4.0/jettison-1.4.0.jar:/Users/dmitryshvalev/.m2/repository/com/netflix/eureka/eureka-core/2.0.0/eureka-core-2.0.0.jar:/Users/dmitryshvalev/.m2/repository/jakarta/servlet/jakarta.servlet-api/6.0.0/jakarta.servlet-api-6.0.0.jar:/Users/dmitryshvalev/.m2/repository/com/fasterxml/woodstox/woodstox-core/6.2.1/woodstox-core-6.2.1.jar:/Users/dmitryshvalev/.m2/repository/org/codehaus/woodstox/stax2-api/4.2.1/stax2-api-4.2.1.jar:/Users/dmitryshvalev/.m2/repository/org/springframework/cloud/spring-cloud-starter-loadbalancer/4.0.3/spring-cloud-starter-loadbalancer-4.0.3.jar:/Users/dmitryshvalev/.m2/repository/org/springframework/cloud/spring-cloud-loadbalancer/4.0.3/spring-cloud-loadbalancer-4.0.3.jar:/Users/dmitryshvalev/.m2/repository/io/projectreactor/reactor-core/3.5.11/reactor-core-3.5.11.jar:/Users/dmitryshvalev/.m2/repository/org/reactivestreams/reactive-streams/1.0.4/reactive-streams-1.0.4.jar:/Users/dmitryshvalev/.m2/repository/io/projectreactor/addons/reactor-extra/3.5.1/reactor-extra-3.5.1.jar:/Users/dmitryshvalev/.m2/repository/org/springframework/boot/spring-boot-starter-cache/3.1.5/spring-boot-starter-cache-3.1.5.jar:/Users/dmitryshvalev/.m2/repository/org/springframework/spring-context-support/6.0.13/spring-context-support-6.0.13.jar:/Users/dmitryshvalev/.m2/repository/com/stoyanr/evictor/1.0.0/evictor-1.0.0.jar:/Users/dmitryshvalev/.m2/repository/org/springframework/boot/spring-boot-starter-test/3.1.5/spring-boot-starter-test-3.1.5.jar:/Users/dmitryshvalev/.m2/repository/org/springframework/boot/spring-boot-test/3.1.5/spring-boot-test-3.1.5.jar:/Users/dmitryshvalev/.m2/repository/org/springframework/boot/spring-boot-test-autoconfigure/3.1.5/spring-boot-test-autoconfigure-3.1.5.jar:/Users/dmitryshvalev/.m2/repository/com/jayway/jsonpath/json-path/2.8.0/json-path-2.8.0.jar:/Users/dmitryshvalev/.m2/repository/org/slf4j/slf4j-api/2.0.9/slf4j-api-2.0.9.jar:/Users/dmitryshvalev/.m2/repository/net/minidev/json-smart/2.4.11/json-smart-2.4.11.jar:/Users/dmitryshvalev/.m2/repository/net/minidev/accessors-smart/2.4.11/accessors-smart-2.4.11.jar:/Users/dmitryshvalev/.m2/repository/org/ow2/asm/asm/9.3/asm-9.3.jar:/Users/dmitryshvalev/.m2/repository/org/assertj/assertj-core/3.24.2/assertj-core-3.24.2.jar:/Users/dmitryshvalev/.m2/repository/net/bytebuddy/byte-buddy/1.14.9/byte-buddy-1.14.9.jar:/Users/dmitryshvalev/.m2/repository/org/hamcrest/hamcrest/2.2/hamcrest-2.2.jar:/Users/dmitryshvalev/.m2/repository/org/junit/jupiter/junit-jupiter/5.9.3/junit-jupiter-5.9.3.jar:/Users/dmitryshvalev/.m2/repository/org/junit/jupiter/junit-jupiter-api/5.9.3/junit-jupiter-api-5.9.3.jar:/Users/dmitryshvalev/.m2/repository/org/opentest4j/opentest4j/1.2.0/opentest4j-1.2.0.jar:/Users/dmitryshvalev/.m2/repository/org/junit/platform/junit-platform-commons/1.9.3/junit-platform-commons-1.9.3.jar:/Users/dmitryshvalev/.m2/repository/org/apiguardian/apiguardian-api/1.1.2/apiguardian-api-1.1.2.jar:/Users/dmitryshvalev/.m2/repository/org/junit/jupiter/junit-jupiter-params/5.9.3/junit-jupiter-params-5.9.3.jar:/Users/dmitryshvalev/.m2/repository/org/junit/jupiter/junit-jupiter-engine/5.9.3/junit-jupiter-engine-5.9.3.jar:/Users/dmitryshvalev/.m2/repository/org/junit/platform/junit-platform-engine/1.9.3/junit-platform-engine-1.9.3.jar:/Users/dmitryshvalev/.m2/repository/org/mockito/mockito-core/5.3.1/mockito-core-5.3.1.jar:/Users/dmitryshvalev/.m2/repository/net/bytebuddy/byte-buddy-agent/1.14.9/byte-buddy-agent-1.14.9.jar:/Users/dmitryshvalev/.m2/repository/org/objenesis/objenesis/3.3/objenesis-3.3.jar:/Users/dmitryshvalev/.m2/repository/org/mockito/mockito-junit-jupiter/5.3.1/mockito-junit-jupiter-5.3.1.jar:/Users/dmitryshvalev/.m2/repository/org/skyscreamer/jsonassert/1.5.1/jsonassert-1.5.1.jar:/Users/dmitryshvalev/.m2/repository/com/vaadin/external/google/android-json/0.0.20131108.vaadin1/android-json-0.0.20131108.vaadin1.jar:/Users/dmitryshvalev/.m2/repository/org/springframework/spring-core/6.0.13/spring-core-6.0.13.jar:/Users/dmitryshvalev/.m2/repository/org/springframework/spring-jcl/6.0.13/spring-jcl-6.0.13.jar:/Users/dmitryshvalev/.m2/repository/org/springframework/spring-test/6.0.13/spring-test-6.0.13.jar:/Users/dmitryshvalev/.m2/repository/org/xmlunit/xmlunit-core/2.9.1/xmlunit-core-2.9.1.jar:"/>
    <property name="java.vm.vendor" value="Oracle Corporation"/>
    <property name="sun.arch.data.model" value="64"/>
    <property name="java.vendor.url" value="https://java.oracle.com/"/>
    <property name="user.timezone" value="Europe/Moscow"/>
    <property name="org.jboss.logging.provider" value="slf4j"/>
    <property name="os.name" value="Mac OS X"/>
    <property name="java.vm.specification.version" value="21"/>
    <property name="sun.java.launcher" value="SUN_STANDARD"/>
    <property name="user.country" value="RU"/>
    <property name="sun.boot.library.path" value="/Users/dmitryshvalev/Library/Java/JavaVirtualMachines/openjdk-21/Contents/Home/lib"/>
    <property name="sun.java.command" value="/Users/dmitryshvalev/Downloads/Projects/currency-application/currency-rate/target/surefire/surefirebooter-20231110194842200_3.jar /Users/dmitryshvalev/Downloads/Projects/currency-application/currency-rate/target/surefire 2023-11-10T19-48-42_091-jvmRun1 surefire-20231110194842200_1tmp surefire_0-20231110194842200_2tmp"/>
    <property name="http.nonProxyHosts" value="local|*.local|169.254/16|*.169.254/16"/>
    <property name="jdk.debug" value="release"/>
    <property name="surefire.test.class.path" value="/Users/dmitryshvalev/Downloads/Projects/currency-application/currency-rate/target/test-classes:/Users/dmitryshvalev/Downloads/Projects/currency-application/currency-rate/target/classes:/Users/dmitryshvalev/.m2/repository/org/springframework/boot/spring-boot-starter-web/3.1.5/spring-boot-starter-web-3.1.5.jar:/Users/dmitryshvalev/.m2/repository/org/springframework/boot/spring-boot-starter/3.1.5/spring-boot-starter-3.1.5.jar:/Users/dmitryshvalev/.m2/repository/org/springframework/boot/spring-boot/3.1.5/spring-boot-3.1.5.jar:/Users/dmitryshvalev/.m2/repository/org/springframework/boot/spring-boot-autoconfigure/3.1.5/spring-boot-autoconfigure-3.1.5.jar:/Users/dmitryshvalev/.m2/repository/org/springframework/boot/spring-boot-starter-logging/3.1.5/spring-boot-starter-logging-3.1.5.jar:/Users/dmitryshvalev/.m2/repository/ch/qos/logback/logback-classic/1.4.11/logback-classic-1.4.11.jar:/Users/dmitryshvalev/.m2/repository/ch/qos/logback/logback-core/1.4.11/logback-core-1.4.11.jar:/Users/dmitryshvalev/.m2/repository/org/apache/logging/log4j/log4j-to-slf4j/2.20.0/log4j-to-slf4j-2.20.0.jar:/Users/dmitryshvalev/.m2/repository/org/apache/logging/log4j/log4j-api/2.20.0/log4j-api-2.20.0.jar:/Users/dmitryshvalev/.m2/repository/org/slf4j/jul-to-slf4j/2.0.9/jul-to-slf4j-2.0.9.jar:/Users/dmitryshvalev/.m2/repository/jakarta/annotation/jakarta.annotation-api/2.1.1/jakarta.annotation-api-2.1.1.jar:/Users/dmitryshvalev/.m2/repository/org/yaml/snakeyaml/1.33/snakeyaml-1.33.jar:/Users/dmitryshvalev/.m2/repository/org/springframework/boot/spring-boot-starter-json/3.1.5/spring-boot-starter-json-3.1.5.jar:/Users/dmitryshvalev/.m2/repository/com/fasterxml/jackson/core/jackson-databind/2.15.3/jackson-databind-2.15.3.jar:/Users/dmitryshvalev/.m2/repository/com/fasterxml/jackson/datatype/jackson-datatype-jdk8/2.15.3/jackson-datatype-jdk8-2.15.3.jar:/Users/dmitryshvalev/.m2/repository/com/fasterxml/jackson/datatype/jackson-datatype-jsr310/2.15.3/jackson-datatype-jsr310-2.15.3.jar:/Users/dmitryshvalev/.m2/repository/com/fasterxml/jackson/module/jackson-module-parameter-names/2.15.3/jackson-module-parameter-names-2.15.3.jar:/Users/dmitryshvalev/.m2/repository/org/springframework/boot/spring-boot-starter-tomcat/3.1.5/spring-boot-starter-tomcat-3.1.5.jar:/Users/dmitryshvalev/.m2/repository/org/apache/tomcat/embed/tomcat-embed-core/10.1.15/tomcat-embed-core-10.1.15.jar:/Users/dmitryshvalev/.m2/repository/org/apache/tomcat/embed/tomcat-embed-el/10.1.15/tomcat-embed-el-10.1.15.jar:/Users/dmitryshvalev/.m2/repository/org/apache/tomcat/embed/tomcat-embed-websocket/10.1.15/tomcat-embed-websocket-10.1.15.jar:/Users/dmitryshvalev/.m2/repository/org/springframework/spring-web/6.0.13/spring-web-6.0.13.jar:/Users/dmitryshvalev/.m2/repository/org/springframework/spring-beans/6.0.13/spring-beans-6.0.13.jar:/Users/dmitryshvalev/.m2/repository/io/micrometer/micrometer-observation/1.11.5/micrometer-observation-1.11.5.jar:/Users/dmitryshvalev/.m2/repository/io/micrometer/micrometer-commons/1.11.5/micrometer-commons-1.11.5.jar:/Users/dmitryshvalev/.m2/repository/org/springframework/spring-webmvc/6.0.13/spring-webmvc-6.0.13.jar:/Users/dmitryshvalev/.m2/repository/org/springframework/spring-aop/6.0.13/spring-aop-6.0.13.jar:/Users/dmitryshvalev/.m2/repository/org/springframework/spring-context/6.0.13/spring-context-6.0.13.jar:/Users/dmitryshvalev/.m2/repository/org/springframework/spring-expression/6.0.13/spring-expression-6.0.13.jar:/Users/dmitryshvalev/.m2/repository/org/apache/camel/quarkus/camel-quarkus-xml-jaxb/1.3.0/camel-quarkus-xml-jaxb-1.3.0.jar:/Users/dmitryshvalev/.m2/repository/org/apache/camel/camel-xml-jaxb/3.6.0/camel-xml-jaxb-3.6.0.jar:/Users/dmitryshvalev/.m2/repository/com/sun/xml/bind/jaxb-core/4.0.3/jaxb-core-4.0.3.jar:/Users/dmitryshvalev/.m2/repository/com/sun/xml/bind/jaxb-impl/4.0.3/jaxb-impl-4.0.3.jar:/Users/dmitryshvalev/.m2/repository/org/apache/camel/camel-core-engine/3.6.0/camel-core-engine-3.6.0.jar:/Users/dmitryshvalev/.m2/repository/org/apache/camel/camel-api/3.6.0/camel-api-3.6.0.jar:/Users/dmitryshvalev/.m2/repository/org/apache/camel/camel-management-api/3.6.0/camel-management-api-3.6.0.jar:/Users/dmitryshvalev/.m2/repository/org/apache/camel/camel-support/3.6.0/camel-support-3.6.0.jar:/Users/dmitryshvalev/.m2/repository/org/apache/camel/camel-util/3.6.0/camel-util-3.6.0.jar:/Users/dmitryshvalev/.m2/repository/org/apache/camel/camel-xml-jaxp/3.6.0/camel-xml-jaxp-3.6.0.jar:/Users/dmitryshvalev/.m2/repository/org/apache/camel/quarkus/camel-quarkus-core/1.3.0/camel-quarkus-core-1.3.0.jar:/Users/dmitryshvalev/.m2/repository/io/quarkus/quarkus-core/1.9.0.Final/quarkus-core-1.9.0.Final.jar:/Users/dmitryshvalev/.m2/repository/jakarta/enterprise/jakarta.enterprise.cdi-api/2.0.2/jakarta.enterprise.cdi-api-2.0.2.jar:/Users/dmitryshvalev/.m2/repository/jakarta/el/jakarta.el-api/3.0.3/jakarta.el-api-3.0.3.jar:/Users/dmitryshvalev/.m2/repository/jakarta/interceptor/jakarta.interceptor-api/1.2.5/jakarta.interceptor-api-1.2.5.jar:/Users/dmitryshvalev/.m2/repository/jakarta/ejb/jakarta.ejb-api/3.2.6/jakarta.ejb-api-3.2.6.jar:/Users/dmitryshvalev/.m2/repository/io/quarkus/quarkus-ide-launcher/1.9.0.Final/quarkus-ide-launcher-1.9.0.Final.jar:/Users/dmitryshvalev/.m2/repository/io/smallrye/config/smallrye-config/1.9.1/smallrye-config-1.9.1.jar:/Users/dmitryshvalev/.m2/repository/io/smallrye/common/smallrye-common-annotation/1.4.0/smallrye-common-annotation-1.4.0.jar:/Users/dmitryshvalev/.m2/repository/io/smallrye/config/smallrye-config-common/1.9.1/smallrye-config-common-1.9.1.jar:/Users/dmitryshvalev/.m2/repository/io/smallrye/common/smallrye-common-expression/1.4.0/smallrye-common-expression-1.4.0.jar:/Users/dmitryshvalev/.m2/repository/io/smallrye/common/smallrye-common-function/1.4.0/smallrye-common-function-1.4.0.jar:/Users/dmitryshvalev/.m2/repository/io/smallrye/common/smallrye-common-constraint/1.4.0/smallrye-common-constraint-1.4.0.jar:/Users/dmitryshvalev/.m2/repository/io/smallrye/common/smallrye-common-classloader/1.4.0/smallrye-common-classloader-1.4.0.jar:/Users/dmitryshvalev/.m2/repository/org/jboss/logging/jboss-logging/3.5.3.Final/jboss-logging-3.5.3.Final.jar:/Users/dmitryshvalev/.m2/repository/org/jboss/logmanager/jboss-logmanager-embedded/1.0.5/jboss-logmanager-embedded-1.0.5.jar:/Users/dmitryshvalev/.m2/repository/org/jboss/logging/jboss-logging-annotations/2.1.0.Final/jboss-logging-annotations-2.1.0.Final.jar:/Users/dmitryshvalev/.m2/repository/org/jboss/threads/jboss-threads/3.1.1.Final/jboss-threads-3.1.1.Final.jar:/Users/dmitryshvalev/.m2/repository/org/jboss/slf4j/slf4j-jboss-logging/1.2.0.Final/slf4j-jboss-logging-1.2.0.Final.jar:/Users/dmitryshvalev/.m2/repository/org/graalvm/sdk/graal-sdk/20.2.0/graal-sdk-20.2.0.jar:/Users/dmitryshvalev/.m2/repository/org/wildfly/common/wildfly-common/1.5.4.Final-format-001/wildfly-common-1.5.4.Final-format-001.jar:/Users/dmitryshvalev/.m2/repository/io/quarkus/quarkus-bootstrap-runner/1.9.0.Final/quarkus-bootstrap-runner-1.9.0.Final.jar:/Users/dmitryshvalev/.m2/repository/io/quarkus/quarkus-arc/1.9.0.Final/quarkus-arc-1.9.0.Final.jar:/Users/dmitryshvalev/.m2/repository/io/quarkus/arc/arc/1.9.0.Final/arc-1.9.0.Final.jar:/Users/dmitryshvalev/.m2/repository/jakarta/transaction/jakarta.transaction-api/2.0.1/jakarta.transaction-api-2.0.1.jar:/Users/dmitryshvalev/.m2/repository/org/eclipse/microprofile/context-propagation/microprofile-context-propagation-api/1.0.1/microprofile-context-propagation-api-1.0.1.jar:/Users/dmitryshvalev/.m2/repository/org/apache/camel/quarkus/camel-quarkus-support-common/1.3.0/camel-quarkus-support-common-1.3.0.jar:/Users/dmitryshvalev/.m2/repository/io/quarkus/quarkus-development-mode-spi/1.9.0.Final/quarkus-development-mode-spi-1.9.0.Final.jar:/Users/dmitryshvalev/.m2/repository/org/apache/camel/camel-base/3.6.0/camel-base-3.6.0.jar:/Users/dmitryshvalev/.m2/repository/org/apache/camel/camel-core-languages/3.6.0/camel-core-languages-3.6.0.jar:/Users/dmitryshvalev/.m2/repository/org/apache/camel/camel-endpointdsl/3.6.0/camel-endpointdsl-3.6.0.jar:/Users/dmitryshvalev/.m2/repository/org/apache/camel/camel-componentdsl/3.6.0/camel-componentdsl-3.6.0.jar:/Users/dmitryshvalev/.m2/repository/org/apache/camel/camel-core-catalog/3.6.0/camel-core-catalog-3.6.0.jar:/Users/dmitryshvalev/.m2/repository/org/apache/camel/camel-tooling-model/3.6.0/camel-tooling-model-3.6.0.jar:/Users/dmitryshvalev/.m2/repository/org/apache/camel/camel-util-json/3.6.0/camel-util-json-3.6.0.jar:/Users/dmitryshvalev/.m2/repository/org/apache/camel/camel-microprofile-config/3.6.0/camel-microprofile-config-3.6.0.jar:/Users/dmitryshvalev/.m2/repository/org/eclipse/microprofile/config/microprofile-config-api/1.4/microprofile-config-api-1.4.jar:/Users/dmitryshvalev/.m2/repository/org/apache/camel/quarkus/camel-quarkus-support-xml/1.3.0/camel-quarkus-support-xml-1.3.0.jar:/Users/dmitryshvalev/.m2/repository/io/quarkus/quarkus-jaxb/1.9.0.Final/quarkus-jaxb-1.9.0.Final.jar:/Users/dmitryshvalev/.m2/repository/io/quarkus/quarkus-jaxp/1.9.0.Final/quarkus-jaxp-1.9.0.Final.jar:/Users/dmitryshvalev/.m2/repository/org/glassfish/jaxb/jaxb-runtime/4.0.3/jaxb-runtime-4.0.3.jar:/Users/dmitryshvalev/.m2/repository/org/jboss/spec/javax/xml/bind/jboss-jaxb-api_2.3_spec/2.0.0.Final/jboss-jaxb-api_2.3_spec-2.0.0.Final.jar:/Users/dmitryshvalev/.m2/repository/org/projectlombok/lombok/1.18.30/lombok-1.18.30.jar:/Users/dmitryshvalev/.m2/repository/com/google/guava/guava/31.1-jre/guava-31.1-jre.jar:/Users/dmitryshvalev/.m2/repository/com/google/guava/failureaccess/1.0.1/failureaccess-1.0.1.jar:/Users/dmitryshvalev/.m2/repository/com/google/guava/listenablefuture/9999.0-empty-to-avoid-conflict-with-guava/listenablefuture-9999.0-empty-to-avoid-conflict-with-guava.jar:/Users/dmitryshvalev/.m2/repository/com/google/code/findbugs/jsr305/3.0.2/jsr305-3.0.2.jar:/Users/dmitryshvalev/.m2/repository/org/checkerframework/checker-qual/3.12.0/checker-qual-3.12.0.jar:/Users/dmitryshvalev/.m2/repository/com/google/errorprone/error_prone_annotations/2.11.0/error_prone_annotations-2.11.0.jar:/Users/dmitryshvalev/.m2/repository/com/google/j2objc/j2objc-annotations/1.3/j2objc-annotations-1.3.jar:/Users/dmitryshvalev/.m2/repository/com/sun/activation/javax.activation/1.2.0/javax.activation-1.2.0.jar:/Users/dmitryshvalev/.m2/repository/org/glassfish/jaxb/jaxb-runtime/4.0.3/jaxb-runtime-4.0.3-sources.jar:/Users/dmitryshvalev/.m2/repository/org/glassfish/jaxb/jaxb-core/4.0.3/jaxb-core-4.0.3.jar:/Users/dmitryshvalev/.m2/repository/org/glassfish/jaxb/jaxb-core/4.0.3/jaxb-core-4.0.3-sources.jar:/Users/dmitryshvalev/.m2/repository/jakarta/xml/bind/jakarta.xml.bind-api/4.0.1/jakarta.xml.bind-api-4.0.1.jar:/Users/dmitryshvalev/.m2/repository/jakarta/activation/jakarta.activation-api/2.1.2/jakarta.activation-api-2.1.2.jar:/Users/dmitryshvalev/.m2/repository/org/eclipse/angus/angus-activation/2.0.1/angus-activation-2.0.1.jar:/Users/dmitryshvalev/.m2/repository/org/glassfish/jaxb/txw2/4.0.3/txw2-4.0.3.jar:/Users/dmitryshvalev/.m2/repository/com/sun/istack/istack-commons-runtime/4.1.2/istack-commons-runtime-4.1.2.jar:/Users/dmitryshvalev/.m2/repository/org/glassfish/jaxb/jaxb-xjc/4.0.3/jaxb-xjc-4.0.3-sources.jar:/Users/dmitryshvalev/.m2/repository/org/glassfish/jaxb/xsom/4.0.3/xsom-4.0.3.jar:/Users/dmitryshvalev/.m2/repository/com/sun/xml/bind/external/relaxng-datatype/4.0.3/relaxng-datatype-4.0.3.jar:/Users/dmitryshvalev/.m2/repository/org/glassfish/jaxb/codemodel/4.0.3/codemodel-4.0.3.jar:/Users/dmitryshvalev/.m2/repository/com/sun/xml/bind/external/rngom/4.0.3/rngom-4.0.3.jar:/Users/dmitryshvalev/.m2/repository/com/sun/xml/dtd-parser/dtd-parser/1.5.0/dtd-parser-1.5.0.jar:/Users/dmitryshvalev/.m2/repository/com/sun/istack/istack-commons-tools/4.1.2/istack-commons-tools-4.1.2.jar:/Users/dmitryshvalev/.m2/repository/org/springframework/cloud/spring-cloud-starter-netflix-eureka-client/4.0.2/spring-cloud-starter-netflix-eureka-client-4.0.2.jar:/Users/dmitryshvalev/.m2/repository/org/springframework/cloud/spring-cloud-starter/4.0.3/spring-cloud-starter-4.0.3.jar:/Users/dmitryshvalev/.m2/repository/org/springframework/cloud/spring-cloud-context/4.0.3/spring-cloud-context-4.0.3.jar:/Users/dmitryshvalev/.m2/repository/org/springframework/security/spring-security-crypto/6.1.5/spring-security-crypto-6.1.5.jar:/Users/dmitryshvalev/.m2/repository/org/springframework/cloud/spring-cloud-commons/4.0.3/spring-cloud-commons-4.0.3.jar:/Users/dmitryshvalev/.m2/repository/org/springframework/security/spring-security-rsa/1.0.11.RELEASE/spring-security-rsa-1.0.11.RELEASE.jar:/Users/dmitryshvalev/.m2/repository/org/bouncycastle/bcpkix-jdk15on/1.69/bcpkix-jdk15on-1.69.jar:/Users/dmitryshvalev/.m2/repository/org/bouncycastle/bcprov-jdk15on/1.69/bcprov-jdk15on-1.69.jar:/Users/dmitryshvalev/.m2/repository/org/bouncycastle/bcutil-jdk15on/1.69/bcutil-jdk15on-1.69.jar:/Users/dmitryshvalev/.m2/repository/org/springframework/cloud/spring-cloud-netflix-eureka-client/4.0.2/spring-cloud-netflix-eureka-client-4.0.2.jar:/Users/dmitryshvalev/.m2/repository/org/apache/httpcomponents/client5/httpclient5/5.2.1/httpclient5-5.2.1.jar:/Users/dmitryshvalev/.m2/repository/org/apache/httpcomponents/core5/httpcore5/5.2.3/httpcore5-5.2.3.jar:/Users/dmitryshvalev/.m2/repository/org/apache/httpcomponents/core5/httpcore5-h2/5.2.3/httpcore5-h2-5.2.3.jar:/Users/dmitryshvalev/.m2/repository/com/netflix/eureka/eureka-client/2.0.0/eureka-client-2.0.0.jar:/Users/dmitryshvalev/.m2/repository/com/netflix/netflix-commons/netflix-eventbus/0.3.0/netflix-eventbus-0.3.0.jar:/Users/dmitryshvalev/.m2/repository/com/netflix/netflix-commons/netflix-infix/0.3.0/netflix-infix-0.3.0.jar:/Users/dmitryshvalev/.m2/repository/commons-jxpath/commons-jxpath/1.3/commons-jxpath-1.3.jar:/Users/dmitryshvalev/.m2/repository/joda-time/joda-time/2.3/joda-time-2.3.jar:/Users/dmitryshvalev/.m2/repository/javax/servlet/servlet-api/2.5/servlet-api-2.5.jar:/Users/dmitryshvalev/.m2/repository/org/antlr/antlr-runtime/3.4/antlr-runtime-3.4.jar:/Users/dmitryshvalev/.m2/repository/org/antlr/stringtemplate/3.2.1/stringtemplate-3.2.1.jar:/Users/dmitryshvalev/.m2/repository/antlr/antlr/2.7.7/antlr-2.7.7.jar:/Users/dmitryshvalev/.m2/repository/com/google/code/gson/gson/2.10.1/gson-2.10.1.jar:/Users/dmitryshvalev/.m2/repository/org/apache/commons/commons-math/2.2/commons-math-2.2.jar:/Users/dmitryshvalev/.m2/repository/com/thoughtworks/xstream/xstream/1.4.19/xstream-1.4.19.jar:/Users/dmitryshvalev/.m2/repository/io/github/x-stream/mxparser/1.2.2/mxparser-1.2.2.jar:/Users/dmitryshvalev/.m2/repository/xmlpull/xmlpull/1.1.3.1/xmlpull-1.1.3.1.jar:/Users/dmitryshvalev/.m2/repository/com/netflix/archaius/archaius-core/0.7.6/archaius-core-0.7.6.jar:/Users/dmitryshvalev/.m2/repository/jakarta/ws/rs/jakarta.ws.rs-api/3.1.0/jakarta.ws.rs-api-3.1.0.jar:/Users/dmitryshvalev/.m2/repository/jakarta/inject/jakarta.inject-api/2.0.1/jakarta.inject-api-2.0.1.jar:/Users/dmitryshvalev/.m2/repository/com/netflix/servo/servo-core/0.12.21/servo-core-0.12.21.jar:/Users/dmitryshvalev/.m2/repository/org/apache/httpcomponents/httpclient/4.5.3/httpclient-4.5.3.jar:/Users/dmitryshvalev/.m2/repository/org/apache/httpcomponents/httpcore/4.4.16/httpcore-4.4.16.jar:/Users/dmitryshvalev/.m2/repository/commons-logging/commons-logging/1.2/commons-logging-1.2.jar:/Users/dmitryshvalev/.m2/repository/commons-codec/commons-codec/1.15/commons-codec-1.15.jar:/Users/dmitryshvalev/.m2/repository/commons-configuration/commons-configuration/1.10/commons-configuration-1.10.jar:/Users/dmitryshvalev/.m2/repository/commons-lang/commons-lang/2.6/commons-lang-2.6.jar:/Users/dmitryshvalev/.m2/repository/com/github/vlsi/compactmap/compactmap/2.0/compactmap-2.0.jar:/Users/dmitryshvalev/.m2/repository/com/github/andrewoma/dexx/dexx-collections/0.2/dexx-collections-0.2.jar:/Users/dmitryshvalev/.m2/repository/com/fasterxml/jackson/core/jackson-annotations/2.15.3/jackson-annotations-2.15.3.jar:/Users/dmitryshvalev/.m2/repository/com/fasterxml/jackson/core/jackson-core/2.15.3/jackson-core-2.15.3.jar:/Users/dmitryshvalev/.m2/repository/org/codehaus/jettison/jettison/1.4.0/jettison-1.4.0.jar:/Users/dmitryshvalev/.m2/repository/com/netflix/eureka/eureka-core/2.0.0/eureka-core-2.0.0.jar:/Users/dmitryshvalev/.m2/repository/jakarta/servlet/jakarta.servlet-api/6.0.0/jakarta.servlet-api-6.0.0.jar:/Users/dmitryshvalev/.m2/repository/com/fasterxml/woodstox/woodstox-core/6.2.1/woodstox-core-6.2.1.jar:/Users/dmitryshvalev/.m2/repository/org/codehaus/woodstox/stax2-api/4.2.1/stax2-api-4.2.1.jar:/Users/dmitryshvalev/.m2/repository/org/springframework/cloud/spring-cloud-starter-loadbalancer/4.0.3/spring-cloud-starter-loadbalancer-4.0.3.jar:/Users/dmitryshvalev/.m2/repository/org/springframework/cloud/spring-cloud-loadbalancer/4.0.3/spring-cloud-loadbalancer-4.0.3.jar:/Users/dmitryshvalev/.m2/repository/io/projectreactor/reactor-core/3.5.11/reactor-core-3.5.11.jar:/Users/dmitryshvalev/.m2/repository/org/reactivestreams/reactive-streams/1.0.4/reactive-streams-1.0.4.jar:/Users/dmitryshvalev/.m2/repository/io/projectreactor/addons/reactor-extra/3.5.1/reactor-extra-3.5.1.jar:/Users/dmitryshvalev/.m2/repository/org/springframework/boot/spring-boot-starter-cache/3.1.5/spring-boot-starter-cache-3.1.5.jar:/Users/dmitryshvalev/.m2/repository/org/springframework/spring-context-support/6.0.13/spring-context-support-6.0.13.jar:/Users/dmitryshvalev/.m2/repository/com/stoyanr/evictor/1.0.0/evictor-1.0.0.jar:/Users/dmitryshvalev/.m2/repository/org/springframework/boot/spring-boot-starter-test/3.1.5/spring-boot-starter-test-3.1.5.jar:/Users/dmitryshvalev/.m2/repository/org/springframework/boot/spring-boot-test/3.1.5/spring-boot-test-3.1.5.jar:/Users/dmitryshvalev/.m2/repository/org/springframework/boot/spring-boot-test-autoconfigure/3.1.5/spring-boot-test-autoconfigure-3.1.5.jar:/Users/dmitryshvalev/.m2/repository/com/jayway/jsonpath/json-path/2.8.0/json-path-2.8.0.jar:/Users/dmitryshvalev/.m2/repository/org/slf4j/slf4j-api/2.0.9/slf4j-api-2.0.9.jar:/Users/dmitryshvalev/.m2/repository/net/minidev/json-smart/2.4.11/json-smart-2.4.11.jar:/Users/dmitryshvalev/.m2/repository/net/minidev/accessors-smart/2.4.11/accessors-smart-2.4.11.jar:/Users/dmitryshvalev/.m2/repository/org/ow2/asm/asm/9.3/asm-9.3.jar:/Users/dmitryshvalev/.m2/repository/org/assertj/assertj-core/3.24.2/assertj-core-3.24.2.jar:/Users/dmitryshvalev/.m2/repository/net/bytebuddy/byte-buddy/1.14.9/byte-buddy-1.14.9.jar:/Users/dmitryshvalev/.m2/repository/org/hamcrest/hamcrest/2.2/hamcrest-2.2.jar:/Users/dmitryshvalev/.m2/repository/org/junit/jupiter/junit-jupiter/5.9.3/junit-jupiter-5.9.3.jar:/Users/dmitryshvalev/.m2/repository/org/junit/jupiter/junit-jupiter-api/5.9.3/junit-jupiter-api-5.9.3.jar:/Users/dmitryshvalev/.m2/repository/org/opentest4j/opentest4j/1.2.0/opentest4j-1.2.0.jar:/Users/dmitryshvalev/.m2/repository/org/junit/platform/junit-platform-commons/1.9.3/junit-platform-commons-1.9.3.jar:/Users/dmitryshvalev/.m2/repository/org/apiguardian/apiguardian-api/1.1.2/apiguardian-api-1.1.2.jar:/Users/dmitryshvalev/.m2/repository/org/junit/jupiter/junit-jupiter-params/5.9.3/junit-jupiter-params-5.9.3.jar:/Users/dmitryshvalev/.m2/repository/org/junit/jupiter/junit-jupiter-engine/5.9.3/junit-jupiter-engine-5.9.3.jar:/Users/dmitryshvalev/.m2/repository/org/junit/platform/junit-platform-engine/1.9.3/junit-platform-engine-1.9.3.jar:/Users/dmitryshvalev/.m2/repository/org/mockito/mockito-core/5.3.1/mockito-core-5.3.1.jar:/Users/dmitryshvalev/.m2/repository/net/bytebuddy/byte-buddy-agent/1.14.9/byte-buddy-agent-1.14.9.jar:/Users/dmitryshvalev/.m2/repository/org/objenesis/objenesis/3.3/objenesis-3.3.jar:/Users/dmitryshvalev/.m2/repository/org/mockito/mockito-junit-jupiter/5.3.1/mockito-junit-jupiter-5.3.1.jar:/Users/dmitryshvalev/.m2/repository/org/skyscreamer/jsonassert/1.5.1/jsonassert-1.5.1.jar:/Users/dmitryshvalev/.m2/repository/com/vaadin/external/google/android-json/0.0.20131108.vaadin1/android-json-0.0.20131108.vaadin1.jar:/Users/dmitryshvalev/.m2/repository/org/springframework/spring-core/6.0.13/spring-core-6.0.13.jar:/Users/dmitryshvalev/.m2/repository/org/springframework/spring-jcl/6.0.13/spring-jcl-6.0.13.jar:/Users/dmitryshvalev/.m2/repository/org/springframework/spring-test/6.0.13/spring-test-6.0.13.jar:/Users/dmitryshvalev/.m2/repository/org/xmlunit/xmlunit-core/2.9.1/xmlunit-core-2.9.1.jar:"/>
    <property name="sun.cpu.endian" value="little"/>
    <property name="user.home" value="/Users/dmitryshvalev"/>
    <property name="user.language" value="ru"/>
    <property name="java.specification.vendor" value="Oracle Corporation"/>
    <property name="java.version.date" value="2023-09-19"/>
    <property name="java.home" value="/Users/dmitryshvalev/Library/Java/JavaVirtualMachines/openjdk-21/Contents/Home"/>
    <property name="file.separator" value="/"/>
    <property name="basedir" value="/Users/dmitryshvalev/Downloads/Projects/currency-application/currency-rate"/>
    <property name="java.vm.compressedOopsMode" value="Zero based"/>
    <property name="line.separator" value="&#10;"/>
    <property name="java.vm.specification.vendor" value="Oracle Corporation"/>
    <property name="java.specification.name" value="Java Platform API Specification"/>
    <property name="FILE_LOG_CHARSET" value="UTF-8"/>
    <property name="java.awt.headless" value="true"/>
    <property name="apple.awt.application.name" value="ForkedBooter"/>
    <property name="surefire.real.class.path" value="/Users/dmitryshvalev/Downloads/Projects/currency-application/currency-rate/target/surefire/surefirebooter-20231110194842200_3.jar"/>
    <property name="sun.management.compiler" value="HotSpot 64-Bit Tiered Compilers"/>
    <property name="ftp.nonProxyHosts" value="local|*.local|169.254/16|*.169.254/16"/>
    <property name="java.runtime.version" value="21+35-2513"/>
    <property name="user.name" value="dmitryshvalev"/>
    <property name="stdout.encoding" value="UTF-8"/>
    <property name="path.separator" value=":"/>
    <property name="os.version" value="14.0"/>
    <property name="java.runtime.name" value="OpenJDK Runtime Environment"/>
    <property name="file.encoding" value="UTF-8"/>
    <property name="java.vm.name" value="OpenJDK 64-Bit Server VM"/>
    <property name="localRepository" value="/Users/dmitryshvalev/.m2/repository"/>
    <property name="java.vendor.url.bug" value="https://bugreport.java.com/bugreport/"/>
    <property name="java.io.tmpdir" value="/var/folders/_q/dj021809751cxvs6_978kht40000gn/T/"/>
    <property name="idea.version" value="2023.2.1"/>
    <property name="java.version" value="21"/>
    <property name="user.dir" value="/Users/dmitryshvalev/Downloads/Projects/currency-application/currency-rate"/>
    <property name="os.arch" value="aarch64"/>
    <property name="java.vm.specification.name" value="Java Virtual Machine Specification"/>
    <property name="PID" value="27836"/>
    <property name="CONSOLE_LOG_CHARSET" value="UTF-8"/>
    <property name="native.encoding" value="UTF-8"/>
    <property name="java.library.path" value="/Users/dmitryshvalev/Library/Java/Extensions:/Library/Java/Extensions:/Network/Library/Java/Extensions:/System/Library/Java/Extensions:/usr/lib/java:."/>
    <property name="java.vm.info" value="mixed mode, sharing"/>
    <property name="stderr.encoding" value="UTF-8"/>
    <property name="java.vendor" value="Oracle Corporation"/>
    <property name="java.vm.version" value="21+35-2513"/>
    <property name="sun.io.unicode.encoding" value="UnicodeBig"/>
    <property name="socksNonProxyHosts" value="local|*.local|169.254/16|*.169.254/16"/>
    <property name="java.class.version" value="65.0"/>
  </properties>
  <testcase name="contextLoads" classname="com.dimathicc.currencyapp.CurrencyAppApplicationTests" time="0.648">
    <system-out><![CDATA[Standard Commons Logging discovery in action with spring-jcl: please remove commons-logging.jar from classpath in order to avoid potential conflicts
19:48:43.057 [main] INFO org.springframework.test.context.support.AnnotationConfigContextLoaderUtils -- Could not detect default configuration classes for test class [com.dimathicc.currencyapp.CurrencyAppApplicationTests]: CurrencyAppApplicationTests does not declare any static, non-private, non-final, nested classes annotated with @Configuration.
19:48:43.123 [main] INFO org.springframework.boot.test.context.SpringBootTestContextBootstrapper -- Found @SpringBootConfiguration com.dimathicc.currencyapp.CurrencyAppApplication for test class com.dimathicc.currencyapp.CurrencyAppApplicationTests

  .   ____          _            __ _ _
 /\\ / ___'_ __ _ _(_)_ __  __ _ \ \ \ \
( ( )\___ | '_ | '_| | '_ \/ _` | \ \ \ \
 \\/  ___)| |_)| | | | | || (_| |  ) ) ) )
  '  |____| .__|_| |_|_| |_\__, | / / / /
 =========|_|==============|___/=/_/_/_/
 :: Spring Boot ::                (v3.1.5)

2023-11-10T19:48:43.519+03:00  INFO 27836 --- [           main] c.d.c.CurrencyAppApplicationTests        : Starting CurrencyAppApplicationTests using Java 21 with PID 27836 (started by dmitryshvalev in /Users/dmitryshvalev/Downloads/Projects/currency-application/currency-rate)
2023-11-10T19:48:43.522+03:00  INFO 27836 --- [           main] c.d.c.CurrencyAppApplicationTests        : No active profile set, falling back to 1 default profile: "default"
2023-11-10T19:48:44.571+03:00  INFO 27836 --- [           main] o.s.cloud.context.scope.GenericScope     : BeanFactory id=c755bbd3-86fa-34f5-921d-208dd015f44b
2023-11-10T19:48:45.076+03:00  INFO 27836 --- [           main] DiscoveryClientOptionalArgsConfiguration : Eureka HTTP Client uses RestTemplate.
2023-11-10T19:48:45.108+03:00  WARN 27836 --- [           main] iguration$LoadBalancerCaffeineWarnLogger : Spring Cloud LoadBalancer is currently working with the default cache. While this cache implementation is useful for development and tests, it's recommended to use Caffeine cache in production.You can switch to using Caffeine cache, by adding it and org.springframework.cache.caffeine.CaffeineCacheManager to the classpath.
2023-11-10T19:48:45.125+03:00  INFO 27836 --- [           main] c.d.c.CurrencyAppApplicationTests        : Started CurrencyAppApplicationTests in 1.905 seconds (process running for 2.739)
]]></system-out>
    <system-err><![CDATA[WARNING: A Java agent has been loaded dynamically (/Users/dmitryshvalev/.m2/repository/net/bytebuddy/byte-buddy-agent/1.14.9/byte-buddy-agent-1.14.9.jar)
WARNING: If a serviceability tool is in use, please run with -XX:+EnableDynamicAgentLoading to hide this warning
WARNING: If a serviceability tool is not in use, please run with -Djdk.instrument.traceUsage for more information
WARNING: Dynamic loading of agents will be disallowed by default in a future release
]]></system-err>
  </testcase>
</testsuite>